TN:
SF:script/Counter.s.sol
FN:7,CounterScript.setUp
FNDA:0,CounterScript.setUp
FN:9,CounterScript.run
FNDA:0,CounterScript.run
DA:10,0
DA:10,0
FNF:2
FNH:0
LF:1
LH:0
BRF:0
BRH:0
end_of_record
TN:
SF:src/Deployer.sol
FN:37,Deployer.deploy
FNDA:0,Deployer.deploy
DA:38,0
DA:38,0
BRDA:38,0,0,-
BRDA:38,0,1,-
DA:40,0
DA:40,0
DA:41,0
DA:41,0
DA:43,0
DA:43,0
DA:45,0
DA:45,0
BRDA:45,1,0,-
BRDA:45,1,1,-
DA:46,0
DA:46,0
DA:48,0
DA:48,0
BRDA:48,2,0,-
BRDA:48,2,1,-
DA:49,0
DA:49,0
DA:49,0
DA:50,0
DA:50,0
DA:52,0
DA:52,0
DA:53,0
DA:53,0
FN:57,Deployer.getImmutables
FNDA:0,Deployer.getImmutables
DA:58,0
DA:58,0
FN:62,Deployer.pairFor
FNDA:0,Deployer.pairFor
DA:63,0
DA:63,0
DA:63,0
DA:64,0
DA:64,0
FN:80,Deployer.sortTokens
FNDA:0,Deployer.sortTokens
DA:81,0
DA:81,0
BRDA:81,3,0,-
BRDA:81,3,1,-
DA:82,0
DA:82,0
DA:83,0
DA:83,0
BRDA:83,4,0,-
BRDA:83,4,1,-
FNF:4
FNH:0
LF:17
LH:0
BRF:10
BRH:0
end_of_record
TN:
SF:src/Lock.sol
FN:60,Lock.lock
FNDA:0,Lock.lock
DA:61,0
DA:61,0
DA:63,0
DA:63,0
DA:63,0
DA:64,0
DA:64,0
DA:64,0
DA:66,0
DA:66,0
DA:66,0
DA:68,0
DA:68,0
DA:69,0
DA:69,0
DA:71,0
DA:71,0
BRDA:71,0,0,-
BRDA:71,0,1,-
DA:72,0
DA:72,0
DA:76,0
DA:76,0
FN:79,Lock.startUnlock
FNDA:0,Lock.startUnlock
DA:80,0
DA:80,0
DA:80,0
DA:82,0
DA:82,0
BRDA:82,1,0,-
BRDA:82,1,1,-
DA:82,0
DA:83,0
DA:83,0
BRDA:83,2,0,-
BRDA:83,2,1,-
DA:83,0
DA:85,0
DA:85,0
DA:87,0
DA:87,0
FN:90,Lock.unlock
FNDA:0,Lock.unlock
DA:91,0
DA:91,0
DA:91,0
DA:93,0
DA:93,0
BRDA:93,3,0,-
BRDA:93,3,1,-
DA:93,0
DA:94,0
DA:94,0
BRDA:94,4,0,-
BRDA:94,4,1,-
DA:94,0
DA:96,0
DA:96,0
DA:96,0
DA:98,0
DA:98,0
DA:98,0
DA:100,0
DA:100,0
DA:103,0
DA:103,0
BRDA:103,5,0,-
BRDA:103,5,1,-
DA:104,0
DA:104,0
DA:107,0
DA:107,0
DA:110,0
DA:110,0
DA:112,0
DA:112,0
FN:115,Lock.claim
FNDA:0,Lock.claim
DA:116,0
DA:116,0
DA:116,0
DA:117,0
DA:117,0
DA:117,0
DA:119,0
DA:119,0
DA:119,0
DA:121,0
DA:121,0
BRDA:121,6,0,-
BRDA:121,6,1,-
DA:121,0
DA:123,0
DA:123,0
DA:126,0
DA:126,0
FN:130,Lock._readPoolInfo
FNDA:0,Lock._readPoolInfo
DA:131,0
DA:131,0
DA:133,0
DA:133,0
FN:138,Lock._writePoolInfo
FNDA:0,Lock._writePoolInfo
DA:139,0
DA:139,0
FN:142,Lock._readUserInfo
FNDA:0,Lock._readUserInfo
DA:143,0
DA:143,0
DA:145,0
DA:145,0
FN:148,Lock._writeUserInfo
FNDA:0,Lock._writeUserInfo
DA:149,0
DA:149,0
FN:152,Lock._clearUserInfo
FNDA:0,Lock._clearUserInfo
DA:153,0
DA:153,0
FN:156,Lock.getTotalOnus
FNDA:0,Lock.getTotalOnus
DA:157,0
DA:157,0
DA:157,0
FN:160,Lock.notifyAmount
FNDA:0,Lock.notifyAmount
DA:161,0
DA:161,0
BRDA:161,7,0,-
BRDA:161,7,1,-
DA:161,0
DA:163,0
DA:163,0
DA:163,0
DA:168,0
DA:168,0
DA:169,0
DA:169,0
DA:172,0
DA:172,0
FNF:11
FNH:0
LF:44
LH:0
BRF:16
BRH:0
end_of_record
TN:
SF:src/Peeps.sol
FN:96,Peeps.approve
FNDA:0,Peeps.approve
DA:97,0
DA:97,0
DA:99,0
DA:99,0
DA:101,0
DA:101,0
FN:104,Peeps.transfer
FNDA:0,Peeps.transfer
DA:105,0
DA:105,0
DA:107,0
DA:107,0
FN:110,Peeps.transferFrom
FNDA:0,Peeps.transferFrom
DA:111,0
DA:111,0
DA:113,0
DA:113,0
BRDA:113,0,0,-
BRDA:113,0,1,-
DA:113,0
DA:115,0
DA:115,0
DA:117,0
DA:117,0
FN:124,Peeps.permit
FNDA:0,Peeps.permit
DA:128,0
DA:128,0
BRDA:128,1,0,-
BRDA:128,1,1,-
DA:133,0
DA:133,0
DA:133,0
DA:157,0
DA:157,0
BRDA:157,2,0,-
BRDA:157,2,1,-
DA:159,0
DA:159,0
DA:162,0
DA:162,0
FN:165,Peeps.computeDomainSeparator
FNDA:0,Peeps.computeDomainSeparator
DA:166,0
DA:166,0
DA:166,0
FN:177,Peeps.readBalanceInfo
FNDA:1028,Peeps.readBalanceInfo
DA:178,1028
DA:178,1028
DA:178,1028
FN:185,Peeps._readBalanceInfo
FNDA:1028,Peeps._readBalanceInfo
DA:186,1028
DA:186,1028
DA:188,1028
DA:188,1028
DA:189,1028
DA:189,1028
FN:192,Peeps._updateBalanceInfo
FNDA:1028,Peeps._updateBalanceInfo
DA:194,1028
DA:194,1028
FN:197,Peeps._transfer
FNDA:0,Peeps._transfer
DA:198,0
DA:198,0
DA:198,0
DA:199,0
DA:199,0
DA:199,0
DA:201,0
DA:201,0
DA:203,0
DA:203,0
DA:205,0
DA:205,0
DA:205,0
BRDA:205,3,0,-
BRDA:205,3,1,-
DA:207,0
DA:207,0
DA:207,0
DA:209,0
DA:209,0
DA:209,0
DA:209,0
DA:211,0
DA:211,0
DA:213,0
DA:213,0
BRDA:213,4,0,-
BRDA:213,4,1,-
DA:214,0
DA:214,0
DA:214,0
DA:215,0
DA:215,0
BRDA:215,5,0,-
BRDA:215,5,1,-
DA:216,0
DA:216,0
DA:217,0
DA:217,0
DA:220,0
DA:220,0
DA:221,0
DA:221,0
DA:221,0
BRDA:221,6,0,-
BRDA:221,6,1,-
DA:223,0
DA:223,0
DA:223,0
DA:225,0
DA:225,0
DA:226,0
DA:226,0
DA:227,0
DA:227,0
DA:230,0
DA:230,0
DA:230,0
DA:230,0
DA:232,0
DA:232,0
DA:233,0
DA:233,0
DA:237,0
DA:237,0
FN:240,Peeps._executeSwap
FNDA:0,Peeps._executeSwap
DA:241,0
DA:241,0
DA:241,0
DA:243,0
DA:243,0
DA:246,0
DA:246,0
DA:248,0
DA:248,0
DA:250,0
DA:250,0
DA:250,0
DA:251,0
DA:251,0
DA:253,0
DA:253,0
FN:256,Peeps._getReserves
FNDA:0,Peeps._getReserves
DA:257,0
DA:257,0
DA:257,0
DA:258,0
DA:258,0
FN:261,Peeps._getAmountOut
FNDA:0,Peeps._getAmountOut
DA:266,0
DA:266,0
BRDA:266,7,0,-
BRDA:266,7,1,-
DA:266,0
DA:267,0
DA:267,0
BRDA:267,8,0,-
BRDA:267,8,1,-
DA:267,0
DA:268,0
DA:268,0
BRDA:268,9,0,-
BRDA:268,9,1,-
DA:268,0
DA:270,0
DA:270,0
DA:270,0
DA:271,0
DA:271,0
DA:271,0
DA:272,0
DA:272,0
DA:272,0
DA:272,0
DA:273,0
DA:273,0
FN:277,Peeps._getAmountIn
FNDA:0,Peeps._getAmountIn
DA:282,0
DA:282,0
BRDA:282,10,0,-
BRDA:282,10,1,-
DA:282,0
DA:283,0
DA:283,0
BRDA:283,11,0,-
BRDA:283,11,1,-
DA:283,0
DA:284,0
DA:284,0
BRDA:284,12,0,-
BRDA:284,12,1,-
DA:284,0
DA:286,0
DA:286,0
DA:286,0
DA:286,0
DA:287,0
DA:287,0
DA:287,0
DA:288,0
DA:288,0
FN:295,Peeps._getOnus
FNDA:1028,Peeps._getOnus
DA:296,1028
DA:296,1028
BRDA:296,13,0,206
BRDA:296,13,1,822
DA:296,206
DA:298,822
DA:298,822
DA:298,822
DA:298,822
DA:298,822
FN:305,Peeps.DOMAIN_SEPARATOR
FNDA:0,Peeps.DOMAIN_SEPARATOR
DA:306,0
DA:306,0
DA:306,0
FN:309,Peeps.name
FNDA:0,Peeps.name
DA:310,0
DA:310,0
FN:313,Peeps.symbol
FNDA:0,Peeps.symbol
DA:314,0
DA:314,0
FN:317,Peeps.decimals
FNDA:0,Peeps.decimals
DA:318,0
DA:318,0
FN:321,Peeps.balanceOf
FNDA:1028,Peeps.balanceOf
DA:322,1028
DA:322,1028
DA:322,1028
FNF:19
FNH:5
LF:72
LH:8
BRF:28
BRH:2
end_of_record
TN:
SF:test/Peeps.t.sol
FN:25,DeployerInternal.deploy
FNDA:2056,DeployerInternal.deploy
DA:26,2056
DA:26,2056
DA:27,2056
DA:27,2056
FN:30,DeployerInternal.getImmutables
FNDA:4112,DeployerInternal.getImmutables
DA:31,4112
DA:31,4112
FN:36,PeepsInternal.updateBalanceInfo
FNDA:1028,PeepsInternal.updateBalanceInfo
DA:37,1028
DA:37,1028
DA:37,1028
FN:40,PeepsInternal.getOnus
FNDA:1028,PeepsInternal.getOnus
DA:41,1028
DA:41,1028
DA:41,1028
FNF:4
FNH:4
LF:5
LH:5
BRF:0
BRH:0
end_of_record
TN:
SF:test/mocks/LockMock.sol
FN:7,LockMock.setOnus
FNDA:0,LockMock.setOnus
DA:8,0
DA:8,0
FN:11,LockMock.getTotalOnus
FNDA:0,LockMock.getTotalOnus
DA:12,0
DA:12,0
FN:15,LockMock.notifyAmount
FNDA:0,LockMock.notifyAmount
DA:16,0
DA:16,0
FNF:3
FNH:0
LF:3
LH:0
BRF:0
BRH:0
end_of_record
