TN:
SF:script/Counter.s.sol
FN:7,CounterScript.setUp
FNDA:0,CounterScript.setUp
FN:9,CounterScript.run
FNDA:0,CounterScript.run
DA:10,0
DA:10,0
FNF:2
FNH:0
LF:1
LH:0
BRF:0
BRH:0
end_of_record
TN:
SF:src/Lock.sol
FN:58,Lock.lock
FNDA:0,Lock.lock
DA:59,0
DA:59,0
DA:61,0
DA:61,0
DA:61,0
DA:62,0
DA:62,0
DA:62,0
DA:64,0
DA:64,0
DA:64,0
DA:66,0
DA:66,0
DA:67,0
DA:67,0
DA:69,0
DA:69,0
BRDA:69,0,0,-
BRDA:69,0,1,-
DA:70,0
DA:70,0
DA:74,0
DA:74,0
FN:77,Lock.startUnlock
FNDA:0,Lock.startUnlock
DA:78,0
DA:78,0
DA:78,0
DA:80,0
DA:80,0
BRDA:80,1,0,-
BRDA:80,1,1,-
DA:80,0
DA:81,0
DA:81,0
BRDA:81,2,0,-
BRDA:81,2,1,-
DA:81,0
DA:83,0
DA:83,0
DA:85,0
DA:85,0
FN:88,Lock.unlock
FNDA:0,Lock.unlock
DA:89,0
DA:89,0
DA:89,0
DA:91,0
DA:91,0
BRDA:91,3,0,-
BRDA:91,3,1,-
DA:91,0
DA:92,0
DA:92,0
BRDA:92,4,0,-
BRDA:92,4,1,-
DA:92,0
DA:94,0
DA:94,0
DA:94,0
DA:96,0
DA:96,0
DA:96,0
DA:98,0
DA:98,0
DA:101,0
DA:101,0
BRDA:101,5,0,-
BRDA:101,5,1,-
DA:102,0
DA:102,0
DA:105,0
DA:105,0
DA:108,0
DA:108,0
DA:110,0
DA:110,0
FN:113,Lock.claim
FNDA:0,Lock.claim
DA:114,0
DA:114,0
DA:114,0
DA:115,0
DA:115,0
DA:115,0
DA:117,0
DA:117,0
DA:117,0
DA:119,0
DA:119,0
BRDA:119,6,0,-
BRDA:119,6,1,-
DA:119,0
DA:121,0
DA:121,0
DA:124,0
DA:124,0
FN:128,Lock._readPoolInfo
FNDA:0,Lock._readPoolInfo
DA:129,0
DA:129,0
DA:131,0
DA:131,0
FN:136,Lock._writePoolInfo
FNDA:0,Lock._writePoolInfo
DA:137,0
DA:137,0
FN:140,Lock._readUserInfo
FNDA:0,Lock._readUserInfo
DA:141,0
DA:141,0
DA:143,0
DA:143,0
FN:146,Lock._writeUserInfo
FNDA:0,Lock._writeUserInfo
DA:147,0
DA:147,0
FN:150,Lock._clearUserInfo
FNDA:0,Lock._clearUserInfo
DA:151,0
DA:151,0
FN:154,Lock.getTotalOnus
FNDA:0,Lock.getTotalOnus
DA:155,0
DA:155,0
DA:155,0
FN:158,Lock.uniswapV2Call
FNDA:0,Lock.uniswapV2Call
DA:159,0
DA:159,0
BRDA:159,7,0,-
BRDA:159,7,1,-
DA:159,0
DA:160,0
DA:160,0
BRDA:160,8,0,-
BRDA:160,8,1,-
DA:160,0
DA:162,0
DA:162,0
DA:162,0
DA:164,0
DA:164,0
DA:164,0
DA:167,0
DA:167,0
DA:168,0
DA:168,0
DA:171,0
DA:171,0
FNF:11
FNH:0
LF:46
LH:0
BRF:18
BRH:0
end_of_record
TN:
SF:src/Peeps.sol
FN:95,Peeps.addLiquidity
FNDA:1027,Peeps.addLiquidity
DA:96,1027
DA:96,1027
BRDA:96,0,0,1
BRDA:96,0,1,1026
DA:96,1
DA:97,1026
DA:97,1026
BRDA:97,1,0,1
BRDA:97,1,1,1025
DA:97,1
DA:99,1025
DA:99,1025
DA:100,1025
DA:100,1025
DA:102,1025
DA:102,1025
DA:103,1025
DA:103,1025
BRDA:103,2,0,-
BRDA:103,2,1,1025
DA:105,1025
DA:105,1025
FN:112,Peeps.approve
FNDA:5,Peeps.approve
DA:113,5
DA:113,5
DA:115,5
DA:115,5
DA:117,5
DA:117,5
FN:120,Peeps.transfer
FNDA:0,Peeps.transfer
DA:121,0
DA:121,0
DA:123,0
DA:123,0
FN:126,Peeps.transferFrom
FNDA:0,Peeps.transferFrom
DA:127,0
DA:127,0
DA:129,0
DA:129,0
BRDA:129,3,0,-
BRDA:129,3,1,-
DA:129,0
DA:131,0
DA:131,0
DA:133,0
DA:133,0
FN:140,Peeps.permit
FNDA:0,Peeps.permit
DA:144,0
DA:144,0
BRDA:144,4,0,-
BRDA:144,4,1,-
DA:149,0
DA:149,0
DA:149,0
DA:173,0
DA:173,0
BRDA:173,5,0,-
BRDA:173,5,1,-
DA:175,0
DA:175,0
DA:178,0
DA:178,0
FN:181,Peeps.computeDomainSeparator
FNDA:0,Peeps.computeDomainSeparator
DA:182,0
DA:182,0
DA:182,0
FN:197,Peeps._readBalanceInfo
FNDA:1024,Peeps._readBalanceInfo
DA:198,1024
DA:198,1024
DA:200,1024
DA:200,1024
DA:201,1024
DA:201,1024
DA:202,1024
DA:202,1024
FN:205,Peeps._updateBalanceInfoEnded
FNDA:0,Peeps._updateBalanceInfoEnded
DA:207,0
DA:207,0
FN:210,Peeps._updateBalanceInfo
FNDA:1024,Peeps._updateBalanceInfo
DA:212,1024
DA:212,1024
FN:215,Peeps._transfer
FNDA:0,Peeps._transfer
DA:216,0
DA:216,0
DA:216,0
DA:217,0
DA:217,0
DA:217,0
DA:219,0
DA:219,0
DA:221,0
DA:221,0
DA:221,0
BRDA:221,6,0,-
BRDA:221,6,1,-
DA:223,0
DA:223,0
DA:223,0
DA:225,0
DA:225,0
DA:225,0
DA:227,0
DA:227,0
DA:227,0
DA:228,0
DA:228,0
DA:228,0
DA:228,0
DA:230,0
DA:230,0
BRDA:230,7,0,-
BRDA:230,7,1,-
DA:231,0
DA:231,0
DA:231,0
DA:232,0
DA:232,0
DA:234,0
DA:234,0
DA:237,0
DA:237,0
DA:238,0
DA:238,0
DA:239,0
DA:239,0
DA:239,0
BRDA:239,8,0,-
BRDA:239,8,1,-
DA:241,0
DA:241,0
DA:241,0
DA:243,0
DA:243,0
DA:244,0
DA:244,0
DA:247,0
DA:247,0
DA:248,0
DA:248,0
DA:248,0
DA:248,0
DA:249,0
DA:249,0
DA:251,0
DA:251,0
DA:252,0
DA:252,0
DA:255,0
DA:255,0
DA:258,0
DA:258,0
DA:259,0
DA:259,0
DA:260,0
DA:260,0
FN:263,Peeps._executeSwap
FNDA:0,Peeps._executeSwap
DA:264,0
DA:264,0
DA:264,0
DA:266,0
DA:266,0
DA:269,0
DA:269,0
DA:271,0
DA:271,0
DA:273,0
DA:273,0
DA:273,0
DA:274,0
DA:274,0
FN:277,Peeps._getReserves
FNDA:0,Peeps._getReserves
DA:278,0
DA:278,0
DA:278,0
DA:279,0
DA:279,0
FN:282,Peeps._getAmountOut
FNDA:0,Peeps._getAmountOut
DA:287,0
DA:287,0
BRDA:287,9,0,-
BRDA:287,9,1,-
DA:287,0
DA:288,0
DA:288,0
BRDA:288,10,0,-
BRDA:288,10,1,-
DA:288,0
DA:289,0
DA:289,0
BRDA:289,11,0,-
BRDA:289,11,1,-
DA:289,0
DA:291,0
DA:291,0
DA:291,0
DA:292,0
DA:292,0
DA:292,0
DA:293,0
DA:293,0
DA:293,0
DA:293,0
DA:294,0
DA:294,0
FN:298,Peeps._getAmountIn
FNDA:0,Peeps._getAmountIn
DA:303,0
DA:303,0
BRDA:303,12,0,-
BRDA:303,12,1,-
DA:303,0
DA:304,0
DA:304,0
BRDA:304,13,0,-
BRDA:304,13,1,-
DA:304,0
DA:305,0
DA:305,0
BRDA:305,14,0,-
BRDA:305,14,1,-
DA:305,0
DA:307,0
DA:307,0
DA:307,0
DA:307,0
DA:308,0
DA:308,0
DA:308,0
DA:309,0
DA:309,0
FN:316,Peeps.DOMAIN_SEPARATOR
FNDA:0,Peeps.DOMAIN_SEPARATOR
DA:317,0
DA:317,0
DA:317,0
FN:320,Peeps.name
FNDA:0,Peeps.name
DA:321,0
DA:321,0
FN:324,Peeps.symbol
FNDA:0,Peeps.symbol
DA:325,0
DA:325,0
FN:328,Peeps.decimals
FNDA:0,Peeps.decimals
DA:329,0
DA:329,0
FN:332,Peeps.balanceOf
FNDA:2007,Peeps.balanceOf
DA:333,2007
DA:333,2007
DA:333,2007
FNF:19
FNH:5
LF:81
LH:16
BRF:30
BRH:5
end_of_record
TN:
SF:src/libraries/BlazeLibrary.sol
FN:10,BlazeLibrary.getOnus
FNDA:0,BlazeLibrary.getOnus
DA:12,0
DA:12,0
DA:12,0
DA:12,0
DA:12,0
FNF:1
FNH:0
LF:1
LH:0
BRF:0
BRH:0
end_of_record
TN:
SF:test/Peeps.t.sol
FN:17,PeepsInternal.updateBalanceInfo
FNDA:1024,PeepsInternal.updateBalanceInfo
DA:18,1024
DA:18,1024
DA:18,1024
FN:21,PeepsInternal.readBalanceInfo
FNDA:1024,PeepsInternal.readBalanceInfo
DA:22,1024
DA:22,1024
DA:22,1024
FNF:2
FNH:2
LF:2
LH:2
BRF:0
BRH:0
end_of_record
TN:
SF:test/mocks/LockMock.sol
FN:7,LockMock.setOnus
FNDA:0,LockMock.setOnus
DA:8,0
DA:8,0
FN:11,LockMock.getTotalOnus
FNDA:0,LockMock.getTotalOnus
DA:12,0
DA:12,0
FNF:2
FNH:0
LF:2
LH:0
BRF:0
BRH:0
end_of_record
